<?xml version="1.0" encoding="UTF-8"?>
<!-- Generated by org.testng.reporters.JUnitReportReporter -->
<testsuite skipped="0" hostname="LAPTOP-5I008H6Q" name="testcases.bookflight.BookFlightTicket" tests="1" failures="0" timestamp="19 Dec 2019 03:36:06 GMT" time="34.389" errors="0">
  <testcase name="bookFlightBetweenMadrasToCoimbatore" time="34.389" classname="testcases.bookflight.BookFlightTicket"/>
</testsuite> <!-- testcases.bookflight.BookFlightTicket -->
