<?xml version="1.0" encoding="UTF-8"?>
<!-- Generated by org.testng.reporters.JUnitReportReporter -->
<testsuite skipped="0" hostname="LAPTOP-5I008H6Q" name="testcases.bookflight.BookFlightTicket" tests="1" failures="0" timestamp="20 Dec 2019 03:51:29 GMT" time="13.767" errors="0">
  <testcase name="bookFlightBetweenMadrasToCoimbatore" time="13.767" classname="testcases.bookflight.BookFlightTicket"/>
</testsuite> <!-- testcases.bookflight.BookFlightTicket -->
