<?xml version="1.0" encoding="UTF-8"?>
<!-- Generated by org.testng.reporters.JUnitReportReporter -->
<testsuite skipped="1" hostname="LAPTOP-5I008H6Q" name="com.proj.collectionproject.IterateSample" tests="2" failures="0" timestamp="07 Oct 2019 08:17:30 GMT" time="0.008" errors="0">
  <testcase name="itrWithHashMap" time="0.008" classname="com.proj.collectionproject.IterateSample"/>
  <testcase name="itrWithArrayList" classname="com.proj.collectionproject.IterateSample">
    <skipped/>
  </testcase> <!-- itrWithArrayList -->
</testsuite> <!-- com.proj.collectionproject.IterateSample -->
